WARNING: Ignoring JAVA_HOME, because it must point to a JDK, not a JRE.
Computing main repo mapping: 
Loading: 
Loading: 0 packages loaded
Analyzing: target //:app (0 packages loaded, 0 targets configured)
Analyzing: target //:app (0 packages loaded, 0 targets configured)
[0 / 1] [Prepa] BazelWorkspaceStatusAction stable-status.txt
INFO: Analyzed target //:app (0 packages loaded, 0 targets configured).
[2 / 5] Architect projects/common/dist; 1s linux-sandbox
[3 / 5] Architect projects/lib-a/dist; 1s linux-sandbox
[4 / 5] [Prepa] Architect dist/angular
[4 / 5] Architect dist/angular; 1s linux-sandbox
ERROR: /home/maxime/Bureau/TRI/bazel-architect-v17-repro-17.3/BUILD.bazel:10:7: Architect dist/angular failed: (Exit 1): app__js_binary.sh failed: error executing Architect command (from target //:app) bazel-out/k8-opt-exec-ST-13d3ddad9198/bin/app__js_binary.sh angular:build

Use --sandbox_debug to see verbose messages from the sandbox and retain the sandbox build root for debugging
- Building...

angular:build: âœ˜ [ERROR] Can't find stylesheet to import.
  â•·
4 â”‚ @use '@material/typography' as mdc-typography;
  â”‚ ^^^^^^^^^^^^^^^^^^^^^^^^^^^^^^^^^^^^^^^^^^^^^
  â•µ
  node_modules/@angular/material/core/m2/_typography.scss 4:1  @forward
  node_modules/@angular/material/core/m2/_index.scss 40:1      @forward
  node_modules/@angular/material/_index.scss 2:1               @use
  src/styles.scss 1:1                                          root stylesheet [plugin angular-sass]

    angular:styles/global:styles:1:8:
      1 â”‚ @import 'src/styles.scss';
        â•µ         ~~~~~~~~~~~~~~~~~


cFAILURE
Result: {
    "success": false,
    "target": {
        "project": "angular",
        "target": "build"
    }
}

Logs:
angular:build: Application bundle generation failed. [3.255 seconds]

INFO: Found 1 target...
Target //:app failed to build
Use --verbose_failures to see the command lines of failed build steps.
INFO: Elapsed time: 9.287s, Critical Path: 9.19s
INFO: 5 processes: 2 internal, 2 linux-sandbox, 1 local.
ERROR: Build did NOT complete successfully
